  acmod.c
..\..\src\libpocketsphinx\acmod.c(186): warning C4244: '=': conversion from 'double' to 'mfcc_t', possible loss of data
..\..\src\libpocketsphinx\acmod.c(191): warning C4244: '=': conversion from 'double' to 'mfcc_t', possible loss of data
..\..\src\libpocketsphinx\acmod.c(542): warning C4267: '+=': conversion from 'size_t' to 'int32', possible loss of data
..\..\src\libpocketsphinx\acmod.c(642): warning C4244: '=': conversion from '__int64' to 'int32', possible loss of data
..\..\src\libpocketsphinx\acmod.c(679): warning C4244: '=': conversion from '__int64' to 'int32', possible loss of data
  allphone_search.c
..\..\src\libpocketsphinx\allphone_search.c(542): warning C4244: '=': conversion from 'float32' to 'int32', possible loss of data
..\..\src\libpocketsphinx\allphone_search.c(601): warning C4244: '=': conversion from 'double' to 'float32', possible loss of data
  bin_mdef.c
..\..\src\libpocketsphinx\bin_mdef.c(123): warning C4267: '+=': conversion from 'size_t' to 'int', possible loss of data
..\..\src\libpocketsphinx\bin_mdef.c(148): warning C4244: '=': conversion from 'int16' to 'uint8', possible loss of data
..\..\src\libpocketsphinx\bin_mdef.c(149): warning C4244: '=': conversion from 'int16' to 'uint8', possible loss of data
..\..\src\libpocketsphinx\bin_mdef.c(150): warning C4244: '=': conversion from 'int16' to 'uint8', possible loss of data
  blkarray_list.c
  dict.c
..\..\src\libpocketsphinx\dict.c(125): warning C4312: 'type cast': conversion from 'long' to 'void *' of greater size
..\..\src\libpocketsphinx\dict.c(125): warning C4311: 'type cast': pointer truncation from 'void *' to 'long'
..\..\src\libpocketsphinx\dict.c(236): warning C4267: '+=': conversion from 'size_t' to 'int', possible loss of data
..\..\src\libpocketsphinx\dict.c(446): warning C4267: '=': conversion from 'size_t' to 'int32', possible loss of data
  dict2pid.c
  fsg_history.c
  fsg_lextree.c
  fsg_search.c
..\..\src\libpocketsphinx\fsg_search.c(214): warning C4244: '=': conversion from 'float32' to 'int32', possible loss of data
..\..\src\libpocketsphinx\fsg_search.c(223): warning C4244: '=': conversion from 'double' to 'float32', possible loss of data
  hmm.c
  kws_detections.c
..\..\src\libpocketsphinx\kws_detections.c(95): warning C4267: '+=': conversion from 'size_t' to 'int', possible loss of data
  kws_search.c
..\..\src\libpocketsphinx\kws_search.c(690): warning C4267: '+=': conversion from 'size_t' to 'int', possible loss of data
..\..\src\libpocketsphinx\kws_search.c(697): warning C4267: '+=': conversion from 'size_t' to 'int', possible loss of data
  mdef.c
..\..\src\libpocketsphinx\mdef.c(108): warning C4312: 'type cast': conversion from 'long' to 'void *' of greater size
..\..\src\libpocketsphinx\mdef.c(363): warning C4244: 'function': conversion from '__int64' to 'long', possible loss of data
..\..\src\libpocketsphinx\mdef.c(437): warning C4244: 'function': conversion from '__int64' to 'long', possible loss of data
..\..\src\libpocketsphinx\mdef.c(461): warning C4312: 'type cast': conversion from 'long' to 'void *' of greater size
..\..\src\libpocketsphinx\mdef.c(461): warning C4311: 'type cast': pointer truncation from 'void *' to 'long'
..\..\src\libpocketsphinx\mdef.c(475): warning C4311: 'type cast': pointer truncation from 'void *' to 'long'
  ms_gauden.c
  ms_mgau.c
..\..\src\libpocketsphinx\ms_mgau.c(136): warning C4018: '>': signed/unsigned mismatch
..\..\src\libpocketsphinx\ms_mgau.c(139): warning C4018: '<': signed/unsigned mismatch
..\..\src\libpocketsphinx\ms_mgau.c(219): warning C4018: '<': signed/unsigned mismatch
..\..\src\libpocketsphinx\ms_mgau.c(227): warning C4018: '<': signed/unsigned mismatch
  ms_senone.c
..\..\src\libpocketsphinx\ms_senone.c(118): warning C4018: '<': signed/unsigned mismatch
..\..\src\libpocketsphinx\ms_senone.c(224): warning C4018: '<': signed/unsigned mismatch
..\..\src\libpocketsphinx\ms_senone.c(225): warning C4018: '<': signed/unsigned mismatch
..\..\src\libpocketsphinx\ms_senone.c(240): warning C4018: '<': signed/unsigned mismatch
..\..\src\libpocketsphinx\ms_senone.c(314): warning C4018: '<': signed/unsigned mismatch
..\..\src\libpocketsphinx\ms_senone.c(325): warning C4018: '<': signed/unsigned mismatch
..\..\src\libpocketsphinx\ms_senone.c(376): warning C4018: '<': signed/unsigned mismatch
  ngram_search.c
..\..\src\libpocketsphinx\ngram_search.c(93): warning C4090: 'function': different 'const' qualifiers
..\..\src\libpocketsphinx\ngram_search.c(136): warning C4244: '=': conversion from 'double' to 'float32', possible loss of data
..\..\src\libpocketsphinx\ngram_search.c(721): warning C4244: '=': conversion from 'float32' to 'int32', possible loss of data
..\..\src\libpocketsphinx\ngram_search.c(1041): warning C4244: 'function': conversion from 'double' to 'float32', possible loss of data
..\..\src\libpocketsphinx\ngram_search.c(1186): warning C4244: '=': conversion from 'float32' to 'int32', possible loss of data
..\..\src\libpocketsphinx\ngram_search.c(1242): warning C4244: '=': conversion from 'double' to 'float', possible loss of data
  ngram_search_fwdflat.c
..\..\src\libpocketsphinx\ngram_search_fwdflat.c(709): warning C4244: '+=': conversion from 'float32' to 'int32', possible loss of data
  ngram_search_fwdtree.c
  phone_loop_search.c
..\..\src\libpocketsphinx\phone_loop_search.c(230): warning C4244: '=': conversion from 'float64' to 'int32', possible loss of data
  Generating Code...
  Compiling...
  pocketsphinx.c
..\..\src\libpocketsphinx\pocketsphinx.c(298): warning C4244: '=': conversion from 'float32' to 'int32', possible loss of data
..\..\src\libpocketsphinx\pocketsphinx.c(318): warning C4244: 'function': conversion from 'int32' to 'float32', possible loss of data
..\..\src\libpocketsphinx\pocketsphinx.c(875): warning C4267: '+=': conversion from 'size_t' to 'int32', possible loss of data
..\..\src\libpocketsphinx\pocketsphinx.c(899): warning C4267: '=': conversion from 'size_t' to 'long', possible loss of data
..\..\src\libpocketsphinx\pocketsphinx.c(909): warning C4267: '=': conversion from 'size_t' to 'long', possible loss of data
..\..\src\libpocketsphinx\pocketsphinx.c(921): warning C4267: '+=': conversion from 'size_t' to 'long', possible loss of data
  ps_lattice.c
..\..\src\libpocketsphinx\ps_lattice.c(452): warning C4244: 'initializing': conversion from 'float64' to 'float32', possible loss of data
..\..\src\libpocketsphinx\ps_lattice.c(1248): warning C4244: '+=': conversion from 'float32' to 'int32', possible loss of data
..\..\src\libpocketsphinx\ps_lattice.c(1291): warning C4244: '+=': conversion from 'float32' to 'int32', possible loss of data
..\..\src\libpocketsphinx\ps_lattice.c(1325): warning C4244: '+=': conversion from 'float32' to 'int32', possible loss of data
..\..\src\libpocketsphinx\ps_lattice.c(1328): warning C4244: '+=': conversion from 'float32' to 'int32', possible loss of data
..\..\src\libpocketsphinx\ps_lattice.c(1378): warning C4244: '+=': conversion from 'float32' to 'int32', possible loss of data
..\..\src\libpocketsphinx\ps_lattice.c(1400): warning C4244: '=': conversion from 'float32' to 'int32', possible loss of data
..\..\src\libpocketsphinx\ps_lattice.c(1437): warning C4244: '+=': conversion from 'float32' to 'int32', possible loss of data
..\..\src\libpocketsphinx\ps_lattice.c(1507): warning C4244: '=': conversion from 'float32' to 'int32', possible loss of data
..\..\src\libpocketsphinx\ps_lattice.c(1514): warning C4244: 'function': conversion from 'float32' to 'int', possible loss of data
..\..\src\libpocketsphinx\ps_lattice.c(1597): warning C4244: '+=': conversion from 'float32' to 'int32', possible loss of data
..\..\src\libpocketsphinx\ps_lattice.c(1682): warning C4244: '+=': conversion from 'float32' to 'int32', possible loss of data
..\..\src\libpocketsphinx\ps_lattice.c(1688): warning C4244: '+=': conversion from 'float32' to 'int32', possible loss of data
..\..\src\libpocketsphinx\ps_lattice.c(1759): warning C4244: '=': conversion from 'float32' to 'int32', possible loss of data
  ps_mllr.c
  ptm_mgau.c
..\..\src\libpocketsphinx\ptm_mgau.c(844): warning C4244: '=': conversion from 'int16' to 'uint8', possible loss of data
  s2_semi_mgau.c
  tmat.c
  vector.c
..\..\src\libpocketsphinx\vector.c(102): warning C4244: '*=': conversion from 'float64' to 'float32', possible loss of data
  Generating Code...
     Creating library ..\..\bin\Release\x64/pocketsphinx.lib and object ..\..\bin\Release\x64/pocketsphinx.exp
  pocketsphinx.vcxproj -> C:\Sphinx\pocketsphinx\\bin\Release\x64\pocketsphinx.dll
